INFO ::: paxos.application.AbstractApp <init> ::: Created new PretendApp with: 
INFO ::: paxos.application.AbstractApp <init> ::: 	id = 5 
INFO ::: paxos.network.NetworkNode <init> ::: Created new NetworkNode with: 
INFO ::: paxos.network.NetworkNode <init> ::: 	id = 5 
INFO ::: paxos.network.NetworkNode <init> ::: 	nodeListFileName = tenNodes_unreliable_diffweights_twoDP.txt 
INFO ::: paxos.network.NetworkNode <init> ::: 	resart = false 
INFO ::: paxos.network.NetworkNode <init> ::: 	avgMsgDelay = 10 
INFO ::: paxos.network.NetworkNode <init> ::: 	unreliability = 0.01 
INFO ::: paxos.network.NetworkNode <init> ::: Node List: 
INFO ::: paxos.network.NetworkNode <init> ::: 	/127.0.0.1:5000 
INFO ::: paxos.network.NetworkNode <init> ::: 	/127.0.0.1:5005 
INFO ::: paxos.network.NetworkNode <init> ::: 	/127.0.0.1:5010 
INFO ::: paxos.network.NetworkNode <init> ::: 	/127.0.0.1:5015 
INFO ::: paxos.network.NetworkNode <init> ::: 	/127.0.0.1:5020 
INFO ::: paxos.network.NetworkNode <init> ::: 	/127.0.0.1:5025 
INFO ::: paxos.network.NetworkNode <init> ::: 	/127.0.0.1:5030 
INFO ::: paxos.network.NetworkNode <init> ::: 	/127.0.0.1:5035 
INFO ::: paxos.network.NetworkNode <init> ::: 	/127.0.0.1:5040 
INFO ::: paxos.network.NetworkNode <init> ::: 	/127.0.0.1:5045 
INFO ::: paxos.paxos.PaxosNode <init> ::: Created new PaxosNode with: 
INFO ::: paxos.paxos.PaxosNode <init> ::: 	id = 5 
INFO ::: paxos.paxos.PaxosNode <init> ::: 	weight = 0.05 
INFO ::: paxos.paxos.PaxosNode <init> ::: 	Distinguished Proposer = false 
INFO ::: paxos.paxos.PaxosNode <init> ::: 	Distinguished Learner = false 
FINE ::: paxos.application.AbstractApp run ::: Running netnode 
INFO ::: paxos.network.NetworkNode startConnectionThread ::: Initiating connections 
FINER ::: paxos.network.NetworkNode connectionLoop ::: Listenining for connection on port 5025 
FINE ::: paxos.network.NetworkNode connectToOtherServers ::: Entering connect loop for iServer = 0 
FINER ::: paxos.network.NetworkNode initOutgoingConnection ::: Initializing outgoing connection with node at /127.0.0.1:5000 
FINEST ::: paxos.network.NetworkNode sendMessage ::: Sending message "{"type":"INIT","value":"id","number":5,"id":5}" to /127.0.0.1:5000 
FINEST ::: paxos.network.NetworkNode receiveMessage ::: Received message "{"type":"INIT","value":"ACK","number":0,"id":0}" from /127.0.0.1:5000 
FINE ::: paxos.network.NetworkNode connectToOtherServers ::: Entering connect loop for iServer = 1 
FINER ::: paxos.network.NetworkNode initOutgoingConnection ::: Initializing outgoing connection with node at /127.0.0.1:5005 
FINEST ::: paxos.network.NetworkNode sendMessage ::: Sending message "{"type":"INIT","value":"id","number":5,"id":5}" to /127.0.0.1:5005 
FINEST ::: paxos.network.NetworkNode receiveMessage ::: Received message "{"type":"INIT","value":"ACK","number":0,"id":1}" from /127.0.0.1:5005 
FINE ::: paxos.network.NetworkNode connectToOtherServers ::: Entering connect loop for iServer = 2 
FINER ::: paxos.network.NetworkNode initOutgoingConnection ::: Initializing outgoing connection with node at /127.0.0.1:5010 
FINEST ::: paxos.network.NetworkNode sendMessage ::: Sending message "{"type":"INIT","value":"id","number":5,"id":5}" to /127.0.0.1:5010 
FINEST ::: paxos.network.NetworkNode receiveMessage ::: Received message "{"type":"INIT","value":"ACK","number":0,"id":2}" from /127.0.0.1:5010 
FINE ::: paxos.network.NetworkNode connectToOtherServers ::: Entering connect loop for iServer = 3 
FINER ::: paxos.network.NetworkNode initOutgoingConnection ::: Initializing outgoing connection with node at /127.0.0.1:5015 
FINEST ::: paxos.network.NetworkNode sendMessage ::: Sending message "{"type":"INIT","value":"id","number":5,"id":5}" to /127.0.0.1:5015 
FINEST ::: paxos.network.NetworkNode receiveMessage ::: Received message "{"type":"INIT","value":"ACK","number":0,"id":3}" from /127.0.0.1:5015 
FINE ::: paxos.network.NetworkNode connectToOtherServers ::: Entering connect loop for iServer = 4 
FINER ::: paxos.network.NetworkNode initOutgoingConnection ::: Initializing outgoing connection with node at /127.0.0.1:5020 
FINEST ::: paxos.network.NetworkNode sendMessage ::: Sending message "{"type":"INIT","value":"id","number":5,"id":5}" to /127.0.0.1:5020 
FINEST ::: paxos.network.NetworkNode receiveMessage ::: Received message "{"type":"INIT","value":"ACK","number":0,"id":4}" from /127.0.0.1:5020 
FINE ::: paxos.network.NetworkNode connectToOtherServers ::: Finished in ctor connection loop 
FINE ::: paxos.application.AbstractApp run ::: Running paxnode 
INFO ::: paxos.paxos.PaxosNode run ::: Starting run phase 
FINE ::: paxos.application.AbstractApp run ::: Starting Listener loops 
FINEST ::: paxos.application.AbstractApp startListenerLoops ::: Starting App listener thread 0 
FINEST ::: paxos.application.AbstractApp startListenerLoops ::: Starting App listener thread 1 
FINER ::: paxos.application.AbstractApp listenerLoop ::: Entering listener loop for node 0 
FINER ::: paxos.application.AbstractApp listenerLoop ::: Listener loop connected for node 0 
FINEST ::: paxos.application.AbstractApp startListenerLoops ::: Starting App listener thread 2 
FINER ::: paxos.application.AbstractApp listenerLoop ::: Entering listener loop for node 1 
FINER ::: paxos.application.AbstractApp listenerLoop ::: Listener loop connected for node 1 
FINEST ::: paxos.application.AbstractApp startListenerLoops ::: Starting App listener thread 3 
FINER ::: paxos.application.AbstractApp listenerLoop ::: Entering listener loop for node 2 
FINER ::: paxos.application.AbstractApp listenerLoop ::: Listener loop connected for node 2 
FINEST ::: paxos.application.AbstractApp startListenerLoops ::: Starting App listener thread 4 
FINER ::: paxos.application.AbstractApp listenerLoop ::: Entering listener loop for node 3 
FINER ::: paxos.application.AbstractApp listenerLoop ::: Listener loop connected for node 3 
FINEST ::: paxos.application.AbstractApp startListenerLoops ::: Starting App listener thread 5 
FINEST ::: paxos.application.AbstractApp startListenerLoops ::: Starting App listener thread 6 
FINER ::: paxos.application.AbstractApp listenerLoop ::: Entering listener loop for node 4 
FINEST ::: paxos.application.AbstractApp startListenerLoops ::: Starting App listener thread 7 
FINER ::: paxos.application.AbstractApp listenerLoop ::: Listener loop connected for node 4 
FINER ::: paxos.application.AbstractApp listenerLoop ::: Entering listener loop for node 5 
FINER ::: paxos.application.AbstractApp listenerLoop ::: Listener loop connected for node 5 
FINER ::: paxos.application.AbstractApp listenerLoop ::: Entering listener loop for node 6 
FINEST ::: paxos.application.AbstractApp listenerLoop ::: Node 6 not connected after 1 attempts! 
FINER ::: paxos.application.AbstractApp listenerLoop ::: Entering listener loop for node 7 
FINEST ::: paxos.application.AbstractApp startListenerLoops ::: Starting App listener thread 8 
FINEST ::: paxos.application.AbstractApp listenerLoop ::: Node 7 not connected after 1 attempts! 
FINEST ::: paxos.application.AbstractApp startListenerLoops ::: Starting App listener thread 9 
FINER ::: paxos.application.AbstractApp listenerLoop ::: Entering listener loop for node 8 
FINEST ::: paxos.application.AbstractApp listenerLoop ::: Node 8 not connected after 1 attempts! 
FINE ::: paxos.application.AbstractApp run ::: Running run_app 
INFO ::: paxos.application.PretendApp run_app ::: PretendApp run phase 
FINER ::: paxos.application.AbstractApp listenerLoop ::: Entering listener loop for node 9 
FINEST ::: paxos.application.AbstractApp listenerLoop ::: Node 9 not connected after 1 attempts! 
FINER ::: paxos.network.NetworkNode initIncomingConnection ::: Initializing incoming connection with node at /127.0.0.1:53380 
FINEST ::: paxos.network.NetworkNode receiveMessage ::: Received message "{"type":"INIT","value":"id","number":6,"id":6}" from /127.0.0.1:53380 
FINEST ::: paxos.network.NetworkNode sendMessage ::: Sending message "{"type":"INIT","value":"ACK","number":0,"id":5}" to /127.0.0.1:53380 
FINER ::: paxos.network.NetworkNode connectionLoop ::: Listenining for connection on port 5025 
FINER ::: paxos.application.AbstractApp listenerLoop ::: Listener loop connected for node 6 
FINEST ::: paxos.application.AbstractApp listenerLoop ::: Node 7 not connected after 2 attempts! 
FINEST ::: paxos.application.AbstractApp listenerLoop ::: Node 8 not connected after 2 attempts! 
FINEST ::: paxos.application.AbstractApp listenerLoop ::: Node 9 not connected after 2 attempts! 
FINER ::: paxos.network.NetworkNode initIncomingConnection ::: Initializing incoming connection with node at /127.0.0.1:53392 
FINEST ::: paxos.network.NetworkNode receiveMessage ::: Received message "{"type":"INIT","value":"id","number":7,"id":7}" from /127.0.0.1:53392 
FINEST ::: paxos.network.NetworkNode sendMessage ::: Sending message "{"type":"INIT","value":"ACK","number":0,"id":5}" to /127.0.0.1:53392 
FINER ::: paxos.network.NetworkNode connectionLoop ::: Listenining for connection on port 5025 
FINER ::: paxos.network.NetworkNode initIncomingConnection ::: Initializing incoming connection with node at /127.0.0.1:53406 
FINEST ::: paxos.network.NetworkNode receiveMessage ::: Received message "{"type":"INIT","value":"id","number":8,"id":8}" from /127.0.0.1:53406 
FINEST ::: paxos.network.NetworkNode sendMessage ::: Sending message "{"type":"INIT","value":"ACK","number":0,"id":5}" to /127.0.0.1:53406 
FINER ::: paxos.network.NetworkNode connectionLoop ::: Listenining for connection on port 5025 
FINER ::: paxos.application.AbstractApp listenerLoop ::: Listener loop connected for node 7 
FINER ::: paxos.application.AbstractApp listenerLoop ::: Listener loop connected for node 8 
FINEST ::: paxos.application.AbstractApp listenerLoop ::: Node 9 not connected after 3 attempts! 
FINER ::: paxos.network.NetworkNode initIncomingConnection ::: Initializing incoming connection with node at /127.0.0.1:53424 
FINEST ::: paxos.network.NetworkNode receiveMessage ::: Received message "{"type":"INIT","value":"id","number":9,"id":9}" from /127.0.0.1:53424 
FINEST ::: paxos.network.NetworkNode sendMessage ::: Sending message "{"type":"INIT","value":"ACK","number":0,"id":5}" to /127.0.0.1:53424 
FINER ::: paxos.network.NetworkNode connectionLoop ::: Listenining for connection on port 5025 
FINEST ::: paxos.network.NetworkNode receiveMessage ::: Received message "{"type":"PREPARE_REQUEST","value":"0","number":0,"id":0}" from node 0 
FINEST ::: paxos.application.AbstractApp listenerLoop ::: Received string {"type":"PREPARE_REQUEST","value":"0","number":0,"id":0} from node 0 
FINEST ::: paxos.paxos.PaxosNode processMessage ::: Processing message {"type":"PREPARE_REQUEST","value":"0","number":0,"id":0} 
FINEST ::: paxos.paxos.PaxosNode receivePrepareRequest ::: Updared promiseNumber: writing state to file 
FINEST ::: paxos.network.NetworkNode sendMessage ::: Sending message "{"type":"PREPARE_RESPONSE","value":"","number":0,"id":5}" to node 0 
FINEST ::: paxos.paxos.PaxosNode sendPrepareResponse ::: Elapsed time = 12 
FINEST ::: paxos.paxos.PaxosNode receivePrepareRequest ::: Elapsed time = 13 
FINEST ::: paxos.network.NetworkNode receiveMessage ::: Received message "{"type":"CHOSEN_VALUE","value":"MyVal0-0","number":0,"id":2}" from node 2 
FINEST ::: paxos.application.AbstractApp listenerLoop ::: Received string {"type":"CHOSEN_VALUE","value":"MyVal0-0","number":0,"id":2} from node 2 
FINEST ::: paxos.paxos.PaxosNode processMessage ::: Processing message {"type":"CHOSEN_VALUE","value":"MyVal0-0","number":0,"id":2} 
INFO ::: paxos.paxos.PaxosNode receiveChosenValue ::: Received new chosen value from node 2 for round 0 : MyVal0-0 
FINEST ::: paxos.paxos.PaxosNode receiveChosenValue ::: Elapsed time = 1 
FINEST ::: paxos.network.NetworkNode receiveMessage ::: Received message "{"type":"CHOSEN_VALUE","value":"MyVal0-0","number":0,"id":1}" from node 1 
FINEST ::: paxos.application.AbstractApp listenerLoop ::: Received string {"type":"CHOSEN_VALUE","value":"MyVal0-0","number":0,"id":1} from node 1 
FINEST ::: paxos.paxos.PaxosNode processMessage ::: Processing message {"type":"CHOSEN_VALUE","value":"MyVal0-0","number":0,"id":1} 
FINE ::: paxos.paxos.PaxosNode receiveChosenValue ::: Chosen value confirmed from node 1 for round 0 : MyVal0-0 
FINEST ::: paxos.paxos.PaxosNode receiveChosenValue ::: Elapsed time = 0 
FINER ::: paxos.application.AbstractApp listenerLoop ::: Listener loop connected for node 9 
FINEST ::: paxos.network.NetworkNode receiveMessage ::: Received message "{"type":"ACCEPT_REQUEST","value":"{\"number\":0,\"round\":0,\"value\":\"MyVal0-0\"}","number":0,"id":0}" from node 0 
FINEST ::: paxos.application.AbstractApp listenerLoop ::: Received string {"type":"ACCEPT_REQUEST","value":"{\"number\":0,\"round\":0,\"value\":\"MyVal0-0\"}","number":0,"id":0} from node 0 
FINEST ::: paxos.paxos.PaxosNode processMessage ::: Processing message {"type":"ACCEPT_REQUEST","value":"{\"number\":0,\"round\":0,\"value\":\"MyVal0-0\"}","number":0,"id":0} 
FINE ::: paxos.paxos.PaxosNode receiveAcceptRequest ::: Accepted new proposal from node 0: {"number":0,"round":0,"value":"MyVal0-0"} 
FINEST ::: paxos.paxos.PaxosNode receiveAcceptRequest ::: Updated acceptedProposal: writing state to file 
FINE ::: paxos.paxos.PaxosNode sendAcceptNotification ::: Preparing to send out {"type":"ACCEPT_NOTIFICATION","value":"{\"number\":0,\"round\":0,\"value\":\"MyVal0-0\"}","number":0,"id":5} to DLs 
FINEST ::: paxos.network.NetworkNode sendMessage ::: Sending message "{"type":"ACCEPT_NOTIFICATION","value":"{\"number\":0,\"round\":0,\"value\":\"MyVal0-0\"}","number":0,"id":5}" to node 0 
FINEST ::: paxos.network.NetworkNode sendMessage ::: Sending message "{"type":"ACCEPT_NOTIFICATION","value":"{\"number\":0,\"round\":0,\"value\":\"MyVal0-0\"}","number":0,"id":5}" to node 1 
FINEST ::: paxos.network.NetworkNode sendMessage ::: Sending message "{"type":"ACCEPT_NOTIFICATION","value":"{\"number\":0,\"round\":0,\"value\":\"MyVal0-0\"}","number":0,"id":5}" to node 2 
FINEST ::: paxos.paxos.PaxosNode sendAcceptNotification ::: Elapsed time = 12 
FINEST ::: paxos.paxos.PaxosNode receiveAcceptRequest ::: Elapsed time = 16 
FINEST ::: paxos.network.NetworkNode receiveMessage ::: Received message "{"type":"CHOSEN_VALUE","value":"MyVal0-1","number":1,"id":2}" from node 2 
FINEST ::: paxos.application.AbstractApp listenerLoop ::: Received string {"type":"CHOSEN_VALUE","value":"MyVal0-1","number":1,"id":2} from node 2 
FINEST ::: paxos.paxos.PaxosNode processMessage ::: Processing message {"type":"CHOSEN_VALUE","value":"MyVal0-1","number":1,"id":2} 
INFO ::: paxos.paxos.PaxosNode receiveChosenValue ::: Received new chosen value from node 2 for round 1 : MyVal0-1 
FINEST ::: paxos.paxos.PaxosNode receiveChosenValue ::: Elapsed time = 1 
FINEST ::: paxos.network.NetworkNode receiveMessage ::: Received message "{"type":"CHOSEN_VALUE","value":"MyVal0-1","number":1,"id":1}" from node 1 
FINEST ::: paxos.application.AbstractApp listenerLoop ::: Received string {"type":"CHOSEN_VALUE","value":"MyVal0-1","number":1,"id":1} from node 1 
FINEST ::: paxos.paxos.PaxosNode processMessage ::: Processing message {"type":"CHOSEN_VALUE","value":"MyVal0-1","number":1,"id":1} 
FINE ::: paxos.paxos.PaxosNode receiveChosenValue ::: Chosen value confirmed from node 1 for round 1 : MyVal0-1 
FINEST ::: paxos.paxos.PaxosNode receiveChosenValue ::: Elapsed time = 0 
FINEST ::: paxos.network.NetworkNode receiveMessage ::: Received message "{"type":"CHOSEN_VALUE","value":"MyVal0-0","number":0,"id":0}" from node 0 
FINEST ::: paxos.application.AbstractApp listenerLoop ::: Received string {"type":"CHOSEN_VALUE","value":"MyVal0-0","number":0,"id":0} from node 0 
FINEST ::: paxos.paxos.PaxosNode processMessage ::: Processing message {"type":"CHOSEN_VALUE","value":"MyVal0-0","number":0,"id":0} 
FINE ::: paxos.paxos.PaxosNode receiveChosenValue ::: Chosen value confirmed from node 0 for round 0 : MyVal0-0 
FINEST ::: paxos.paxos.PaxosNode receiveChosenValue ::: Elapsed time = 0 
FINEST ::: paxos.network.NetworkNode receiveMessage ::: Received message "{"type":"CHOSEN_VALUE","value":"MyVal0-2","number":2,"id":2}" from node 2 
FINEST ::: paxos.application.AbstractApp listenerLoop ::: Received string {"type":"CHOSEN_VALUE","value":"MyVal0-2","number":2,"id":2} from node 2 
FINEST ::: paxos.paxos.PaxosNode processMessage ::: Processing message {"type":"CHOSEN_VALUE","value":"MyVal0-2","number":2,"id":2} 
INFO ::: paxos.paxos.PaxosNode receiveChosenValue ::: Received new chosen value from node 2 for round 2 : MyVal0-2 
FINEST ::: paxos.paxos.PaxosNode receiveChosenValue ::: Elapsed time = 0 
FINEST ::: paxos.network.NetworkNode receiveMessage ::: Received message "{"type":"CHOSEN_VALUE","value":"MyVal0-2","number":2,"id":1}" from node 1 
FINEST ::: paxos.application.AbstractApp listenerLoop ::: Received string {"type":"CHOSEN_VALUE","value":"MyVal0-2","number":2,"id":1} from node 1 
FINEST ::: paxos.paxos.PaxosNode processMessage ::: Processing message {"type":"CHOSEN_VALUE","value":"MyVal0-2","number":2,"id":1} 
FINE ::: paxos.paxos.PaxosNode receiveChosenValue ::: Chosen value confirmed from node 1 for round 2 : MyVal0-2 
FINEST ::: paxos.paxos.PaxosNode receiveChosenValue ::: Elapsed time = 0 
FINEST ::: paxos.network.NetworkNode receiveMessage ::: Received message "{"type":"PREPARE_REQUEST","value":"1","number":10,"id":0}" from node 0 
FINEST ::: paxos.application.AbstractApp listenerLoop ::: Received string {"type":"PREPARE_REQUEST","value":"1","number":10,"id":0} from node 0 
FINEST ::: paxos.paxos.PaxosNode processMessage ::: Processing message {"type":"PREPARE_REQUEST","value":"1","number":10,"id":0} 
FINEST ::: paxos.paxos.PaxosNode receivePrepareRequest ::: Updared promiseNumber: writing state to file 
FINEST ::: paxos.network.NetworkNode sendMessage ::: Sending message "{"type":"PREPARE_RESPONSE","value":"","number":10,"id":5}" to node 0 
FINEST ::: paxos.paxos.PaxosNode sendPrepareResponse ::: Elapsed time = 3 
FINEST ::: paxos.paxos.PaxosNode receivePrepareRequest ::: Elapsed time = 4 
FINEST ::: paxos.network.NetworkNode receiveMessage ::: Received message "{"type":"CHOSEN_VALUE","value":"MyVal0-3","number":3,"id":2}" from node 2 
FINEST ::: paxos.application.AbstractApp listenerLoop ::: Received string {"type":"CHOSEN_VALUE","value":"MyVal0-3","number":3,"id":2} from node 2 
FINEST ::: paxos.paxos.PaxosNode processMessage ::: Processing message {"type":"CHOSEN_VALUE","value":"MyVal0-3","number":3,"id":2} 
INFO ::: paxos.paxos.PaxosNode receiveChosenValue ::: Received new chosen value from node 2 for round 3 : MyVal0-3 
FINEST ::: paxos.paxos.PaxosNode receiveChosenValue ::: Elapsed time = 1 
FINEST ::: paxos.network.NetworkNode receiveMessage ::: Received message "{"type":"PREPARE_REQUEST","value":"3","number":1,"id":1}" from node 1 
FINEST ::: paxos.application.AbstractApp listenerLoop ::: Received string {"type":"PREPARE_REQUEST","value":"3","number":1,"id":1} from node 1 
FINEST ::: paxos.paxos.PaxosNode processMessage ::: Processing message {"type":"PREPARE_REQUEST","value":"3","number":1,"id":1} 
FINEST ::: paxos.network.NetworkNode sendMessage ::: Sending message "{"type":"NACK","value":"","number":1,"id":5}" to node 1 
FINEST ::: paxos.paxos.PaxosNode sendNack ::: Elapsed time = 0 
FINEST ::: paxos.paxos.PaxosNode receivePrepareRequest ::: Elapsed time = 1 
FINEST ::: paxos.network.NetworkNode receiveMessage ::: Received message "{"type":"ACCEPT_REQUEST","value":"{\"number\":10,\"round\":1,\"value\":\"MyVal0-1\"}","number":10,"id":0}" from node 0 
FINEST ::: paxos.application.AbstractApp listenerLoop ::: Received string {"type":"ACCEPT_REQUEST","value":"{\"number\":10,\"round\":1,\"value\":\"MyVal0-1\"}","number":10,"id":0} from node 0 
FINEST ::: paxos.paxos.PaxosNode processMessage ::: Processing message {"type":"ACCEPT_REQUEST","value":"{\"number\":10,\"round\":1,\"value\":\"MyVal0-1\"}","number":10,"id":0} 
FINE ::: paxos.paxos.PaxosNode receiveAcceptRequest ::: Accepted new proposal from node 0: {"number":10,"round":1,"value":"MyVal0-1"} 
FINEST ::: paxos.paxos.PaxosNode receiveAcceptRequest ::: Updated acceptedProposal: writing state to file 
FINE ::: paxos.paxos.PaxosNode sendAcceptNotification ::: Preparing to send out {"type":"ACCEPT_NOTIFICATION","value":"{\"number\":10,\"round\":1,\"value\":\"MyVal0-1\"}","number":10,"id":5} to DLs 
FINEST ::: paxos.network.NetworkNode sendMessage ::: Sending message "{"type":"ACCEPT_NOTIFICATION","value":"{\"number\":10,\"round\":1,\"value\":\"MyVal0-1\"}","number":10,"id":5}" to node 0 
FINEST ::: paxos.network.NetworkNode sendMessage ::: Sending message "{"type":"ACCEPT_NOTIFICATION","value":"{\"number\":10,\"round\":1,\"value\":\"MyVal0-1\"}","number":10,"id":5}" to node 1 
FINEST ::: paxos.network.NetworkNode sendMessage ::: Sending message "{"type":"ACCEPT_NOTIFICATION","value":"{\"number\":10,\"round\":1,\"value\":\"MyVal0-1\"}","number":10,"id":5}" to node 2 
FINEST ::: paxos.paxos.PaxosNode sendAcceptNotification ::: Elapsed time = 11 
FINEST ::: paxos.paxos.PaxosNode receiveAcceptRequest ::: Elapsed time = 12 
FINEST ::: paxos.network.NetworkNode receiveMessage ::: Received message "{"type":"CHOSEN_VALUE","value":"MyVal0-4","number":4,"id":2}" from node 2 
FINEST ::: paxos.application.AbstractApp listenerLoop ::: Received string {"type":"CHOSEN_VALUE","value":"MyVal0-4","number":4,"id":2} from node 2 
FINEST ::: paxos.paxos.PaxosNode processMessage ::: Processing message {"type":"CHOSEN_VALUE","value":"MyVal0-4","number":4,"id":2} 
INFO ::: paxos.paxos.PaxosNode receiveChosenValue ::: Received new chosen value from node 2 for round 4 : MyVal0-4 
FINEST ::: paxos.paxos.PaxosNode receiveChosenValue ::: Elapsed time = 0 
FINEST ::: paxos.network.NetworkNode receiveMessage ::: Received message "{"type":"CHOSEN_VALUE","value":"MyVal0-3","number":3,"id":1}" from node 1 
FINEST ::: paxos.application.AbstractApp listenerLoop ::: Received string {"type":"CHOSEN_VALUE","value":"MyVal0-3","number":3,"id":1} from node 1 
FINEST ::: paxos.paxos.PaxosNode processMessage ::: Processing message {"type":"CHOSEN_VALUE","value":"MyVal0-3","number":3,"id":1} 
FINE ::: paxos.paxos.PaxosNode receiveChosenValue ::: Chosen value confirmed from node 1 for round 3 : MyVal0-3 
FINEST ::: paxos.paxos.PaxosNode receiveChosenValue ::: Elapsed time = 0 
FINEST ::: paxos.network.NetworkNode receiveMessage ::: Received message "{"type":"CHOSEN_VALUE","value":"MyVal0-1","number":1,"id":0}" from node 0 
FINEST ::: paxos.application.AbstractApp listenerLoop ::: Received string {"type":"CHOSEN_VALUE","value":"MyVal0-1","number":1,"id":0} from node 0 
FINEST ::: paxos.paxos.PaxosNode processMessage ::: Processing message {"type":"CHOSEN_VALUE","value":"MyVal0-1","number":1,"id":0} 
FINE ::: paxos.paxos.PaxosNode receiveChosenValue ::: Chosen value confirmed from node 0 for round 1 : MyVal0-1 
FINEST ::: paxos.paxos.PaxosNode receiveChosenValue ::: Elapsed time = 0 
FINEST ::: paxos.network.NetworkNode receiveMessage ::: Received message "{"type":"CHOSEN_VALUE","value":"MyVal0-5","number":5,"id":2}" from node 2 
FINEST ::: paxos.application.AbstractApp listenerLoop ::: Received string {"type":"CHOSEN_VALUE","value":"MyVal0-5","number":5,"id":2} from node 2 
FINEST ::: paxos.paxos.PaxosNode processMessage ::: Processing message {"type":"CHOSEN_VALUE","value":"MyVal0-5","number":5,"id":2} 
INFO ::: paxos.paxos.PaxosNode receiveChosenValue ::: Received new chosen value from node 2 for round 5 : MyVal0-5 
FINEST ::: paxos.paxos.PaxosNode receiveChosenValue ::: Elapsed time = 1 
FINEST ::: paxos.network.NetworkNode receiveMessage ::: Received message "{"type":"PREPARE_REQUEST","value":"4","number":11,"id":1}" from node 1 
FINEST ::: paxos.application.AbstractApp listenerLoop ::: Received string {"type":"PREPARE_REQUEST","value":"4","number":11,"id":1} from node 1 
FINEST ::: paxos.paxos.PaxosNode processMessage ::: Processing message {"type":"PREPARE_REQUEST","value":"4","number":11,"id":1} 
FINEST ::: paxos.paxos.PaxosNode receivePrepareRequest ::: Updared promiseNumber: writing state to file 
FINEST ::: paxos.network.NetworkNode sendMessage ::: Sending message "{"type":"PREPARE_RESPONSE","value":"","number":11,"id":5}" to node 1 
FINEST ::: paxos.paxos.PaxosNode sendPrepareResponse ::: Elapsed time = 1 
FINEST ::: paxos.paxos.PaxosNode receivePrepareRequest ::: Elapsed time = 2 
FINEST ::: paxos.network.NetworkNode receiveMessage ::: Received message "{"type":"PREPARE_REQUEST","value":"2","number":20,"id":0}" from node 0 
FINEST ::: paxos.application.AbstractApp listenerLoop ::: Received string {"type":"PREPARE_REQUEST","value":"2","number":20,"id":0} from node 0 
FINEST ::: paxos.paxos.PaxosNode processMessage ::: Processing message {"type":"PREPARE_REQUEST","value":"2","number":20,"id":0} 
FINEST ::: paxos.paxos.PaxosNode receivePrepareRequest ::: Updared promiseNumber: writing state to file 
FINEST ::: paxos.network.NetworkNode sendMessage ::: Sending message "{"type":"PREPARE_RESPONSE","value":"","number":20,"id":5}" to node 0 
FINEST ::: paxos.paxos.PaxosNode sendPrepareResponse ::: Elapsed time = 2 
FINEST ::: paxos.paxos.PaxosNode receivePrepareRequest ::: Elapsed time = 2 
FINEST ::: paxos.network.NetworkNode receiveMessage ::: Received message "{"type":"CHOSEN_VALUE","value":"MyVal0-6","number":6,"id":2}" from node 2 
FINEST ::: paxos.application.AbstractApp listenerLoop ::: Received string {"type":"CHOSEN_VALUE","value":"MyVal0-6","number":6,"id":2} from node 2 
FINEST ::: paxos.paxos.PaxosNode processMessage ::: Processing message {"type":"CHOSEN_VALUE","value":"MyVal0-6","number":6,"id":2} 
INFO ::: paxos.paxos.PaxosNode receiveChosenValue ::: Received new chosen value from node 2 for round 6 : MyVal0-6 
FINEST ::: paxos.paxos.PaxosNode receiveChosenValue ::: Elapsed time = 0 
FINEST ::: paxos.network.NetworkNode receiveMessage ::: Received message "{"type":"CHOSEN_VALUE","value":"MyVal0-4","number":4,"id":1}" from node 1 
FINEST ::: paxos.application.AbstractApp listenerLoop ::: Received string {"type":"CHOSEN_VALUE","value":"MyVal0-4","number":4,"id":1} from node 1 
FINEST ::: paxos.paxos.PaxosNode processMessage ::: Processing message {"type":"CHOSEN_VALUE","value":"MyVal0-4","number":4,"id":1} 
FINE ::: paxos.paxos.PaxosNode receiveChosenValue ::: Chosen value confirmed from node 1 for round 4 : MyVal0-4 
FINEST ::: paxos.paxos.PaxosNode receiveChosenValue ::: Elapsed time = 1 
FINEST ::: paxos.network.NetworkNode receiveMessage ::: Received message "{"type":"ACCEPT_REQUEST","value":"{\"number\":20,\"round\":2,\"value\":\"MyVal0-2\"}","number":20,"id":0}" from node 0 
FINEST ::: paxos.application.AbstractApp listenerLoop ::: Received string {"type":"ACCEPT_REQUEST","value":"{\"number\":20,\"round\":2,\"value\":\"MyVal0-2\"}","number":20,"id":0} from node 0 
FINEST ::: paxos.paxos.PaxosNode processMessage ::: Processing message {"type":"ACCEPT_REQUEST","value":"{\"number\":20,\"round\":2,\"value\":\"MyVal0-2\"}","number":20,"id":0} 
FINE ::: paxos.paxos.PaxosNode receiveAcceptRequest ::: Accepted new proposal from node 0: {"number":20,"round":2,"value":"MyVal0-2"} 
FINEST ::: paxos.paxos.PaxosNode receiveAcceptRequest ::: Updated acceptedProposal: writing state to file 
FINE ::: paxos.paxos.PaxosNode sendAcceptNotification ::: Preparing to send out {"type":"ACCEPT_NOTIFICATION","value":"{\"number\":20,\"round\":2,\"value\":\"MyVal0-2\"}","number":20,"id":5} to DLs 
FINEST ::: paxos.network.NetworkNode sendMessage ::: Sending message "{"type":"ACCEPT_NOTIFICATION","value":"{\"number\":20,\"round\":2,\"value\":\"MyVal0-2\"}","number":20,"id":5}" to node 0 
FINEST ::: paxos.network.NetworkNode sendMessage ::: Sending message "{"type":"ACCEPT_NOTIFICATION","value":"{\"number\":20,\"round\":2,\"value\":\"MyVal0-2\"}","number":20,"id":5}" to node 1 
FINEST ::: paxos.network.NetworkNode sendMessage ::: Sending message "{"type":"ACCEPT_NOTIFICATION","value":"{\"number\":20,\"round\":2,\"value\":\"MyVal0-2\"}","number":20,"id":5}" to node 2 
FINEST ::: paxos.paxos.PaxosNode sendAcceptNotification ::: Elapsed time = 1 
FINEST ::: paxos.paxos.PaxosNode receiveAcceptRequest ::: Elapsed time = 2 
FINEST ::: paxos.network.NetworkNode receiveMessage ::: Received message "{"type":"CHOSEN_VALUE","value":"MyVal0-7","number":7,"id":2}" from node 2 
FINEST ::: paxos.application.AbstractApp listenerLoop ::: Received string {"type":"CHOSEN_VALUE","value":"MyVal0-7","number":7,"id":2} from node 2 
FINEST ::: paxos.paxos.PaxosNode processMessage ::: Processing message {"type":"CHOSEN_VALUE","value":"MyVal0-7","number":7,"id":2} 
INFO ::: paxos.paxos.PaxosNode receiveChosenValue ::: Received new chosen value from node 2 for round 7 : MyVal0-7 
FINEST ::: paxos.paxos.PaxosNode receiveChosenValue ::: Elapsed time = 1 
FINEST ::: paxos.network.NetworkNode receiveMessage ::: Received message "{"type":"PREPARE_REQUEST","value":"5","number":21,"id":1}" from node 1 
FINEST ::: paxos.application.AbstractApp listenerLoop ::: Received string {"type":"PREPARE_REQUEST","value":"5","number":21,"id":1} from node 1 
FINEST ::: paxos.paxos.PaxosNode processMessage ::: Processing message {"type":"PREPARE_REQUEST","value":"5","number":21,"id":1} 
FINEST ::: paxos.paxos.PaxosNode receivePrepareRequest ::: Updared promiseNumber: writing state to file 
FINEST ::: paxos.network.NetworkNode sendMessage ::: Sending message "{"type":"PREPARE_RESPONSE","value":"","number":21,"id":5}" to node 1 
FINEST ::: paxos.paxos.PaxosNode sendPrepareResponse ::: Elapsed time = 0 
FINEST ::: paxos.paxos.PaxosNode receivePrepareRequest ::: Elapsed time = 1 
FINEST ::: paxos.network.NetworkNode receiveMessage ::: Received message "{"type":"CHOSEN_VALUE","value":"MyVal0-2","number":2,"id":0}" from node 0 
FINEST ::: paxos.application.AbstractApp listenerLoop ::: Received string {"type":"CHOSEN_VALUE","value":"MyVal0-2","number":2,"id":0} from node 0 
FINEST ::: paxos.paxos.PaxosNode processMessage ::: Processing message {"type":"CHOSEN_VALUE","value":"MyVal0-2","number":2,"id":0} 
FINE ::: paxos.paxos.PaxosNode receiveChosenValue ::: Chosen value confirmed from node 0 for round 2 : MyVal0-2 
FINEST ::: paxos.paxos.PaxosNode receiveChosenValue ::: Elapsed time = 1 
FINEST ::: paxos.network.NetworkNode receiveMessage ::: Received message "{"type":"CHOSEN_VALUE","value":"MyVal0-8","number":8,"id":2}" from node 2 
FINEST ::: paxos.application.AbstractApp listenerLoop ::: Received string {"type":"CHOSEN_VALUE","value":"MyVal0-8","number":8,"id":2} from node 2 
FINEST ::: paxos.paxos.PaxosNode processMessage ::: Processing message {"type":"CHOSEN_VALUE","value":"MyVal0-8","number":8,"id":2} 
INFO ::: paxos.paxos.PaxosNode receiveChosenValue ::: Received new chosen value from node 2 for round 8 : MyVal0-8 
FINEST ::: paxos.paxos.PaxosNode receiveChosenValue ::: Elapsed time = 0 
FINEST ::: paxos.network.NetworkNode receiveMessage ::: Received message "{"type":"CHOSEN_VALUE","value":"MyVal0-5","number":5,"id":1}" from node 1 
FINEST ::: paxos.application.AbstractApp listenerLoop ::: Received string {"type":"CHOSEN_VALUE","value":"MyVal0-5","number":5,"id":1} from node 1 
FINEST ::: paxos.paxos.PaxosNode processMessage ::: Processing message {"type":"CHOSEN_VALUE","value":"MyVal0-5","number":5,"id":1} 
FINE ::: paxos.paxos.PaxosNode receiveChosenValue ::: Chosen value confirmed from node 1 for round 5 : MyVal0-5 
FINEST ::: paxos.paxos.PaxosNode receiveChosenValue ::: Elapsed time = 0 
FINEST ::: paxos.network.NetworkNode receiveMessage ::: Received message "{"type":"PREPARE_REQUEST","value":"3","number":30,"id":0}" from node 0 
FINEST ::: paxos.application.AbstractApp listenerLoop ::: Received string {"type":"PREPARE_REQUEST","value":"3","number":30,"id":0} from node 0 
FINEST ::: paxos.paxos.PaxosNode processMessage ::: Processing message {"type":"PREPARE_REQUEST","value":"3","number":30,"id":0} 
FINEST ::: paxos.paxos.PaxosNode receivePrepareRequest ::: Updared promiseNumber: writing state to file 
FINEST ::: paxos.network.NetworkNode sendMessage ::: Sending message "{"type":"PREPARE_RESPONSE","value":"","number":30,"id":5}" to node 0 
FINEST ::: paxos.paxos.PaxosNode sendPrepareResponse ::: Elapsed time = 1 
FINEST ::: paxos.paxos.PaxosNode receivePrepareRequest ::: Elapsed time = 3 
FINEST ::: paxos.network.NetworkNode receiveMessage ::: Received message "{"type":"CHOSEN_VALUE","value":"MyVal0-9","number":9,"id":2}" from node 2 
FINEST ::: paxos.application.AbstractApp listenerLoop ::: Received string {"type":"CHOSEN_VALUE","value":"MyVal0-9","number":9,"id":2} from node 2 
FINEST ::: paxos.paxos.PaxosNode processMessage ::: Processing message {"type":"CHOSEN_VALUE","value":"MyVal0-9","number":9,"id":2} 
INFO ::: paxos.paxos.PaxosNode receiveChosenValue ::: Received new chosen value from node 2 for round 9 : MyVal0-9 
FINEST ::: paxos.paxos.PaxosNode receiveChosenValue ::: Elapsed time = 1 
FINEST ::: paxos.network.NetworkNode receiveMessage ::: Received message "{"type":"PREPARE_REQUEST","value":"6","number":31,"id":1}" from node 1 
FINEST ::: paxos.application.AbstractApp listenerLoop ::: Received string {"type":"PREPARE_REQUEST","value":"6","number":31,"id":1} from node 1 
FINEST ::: paxos.paxos.PaxosNode processMessage ::: Processing message {"type":"PREPARE_REQUEST","value":"6","number":31,"id":1} 
FINEST ::: paxos.paxos.PaxosNode receivePrepareRequest ::: Updared promiseNumber: writing state to file 
FINEST ::: paxos.network.NetworkNode sendMessage ::: Sending message "{"type":"PREPARE_RESPONSE","value":"","number":31,"id":5}" to node 1 
FINEST ::: paxos.paxos.PaxosNode sendPrepareResponse ::: Elapsed time = 0 
FINEST ::: paxos.paxos.PaxosNode receivePrepareRequest ::: Elapsed time = 1 
FINEST ::: paxos.network.NetworkNode receiveMessage ::: Received message "{"type":"ACCEPT_REQUEST","value":"{\"number\":30,\"round\":3,\"value\":\"MyVal0-3\"}","number":30,"id":0}" from node 0 
FINEST ::: paxos.application.AbstractApp listenerLoop ::: Received string {"type":"ACCEPT_REQUEST","value":"{\"number\":30,\"round\":3,\"value\":\"MyVal0-3\"}","number":30,"id":0} from node 0 
FINEST ::: paxos.paxos.PaxosNode processMessage ::: Processing message {"type":"ACCEPT_REQUEST","value":"{\"number\":30,\"round\":3,\"value\":\"MyVal0-3\"}","number":30,"id":0} 
FINE ::: paxos.paxos.PaxosNode receiveAcceptRequest ::: Ignoring new proposal: {"number":30,"round":3,"value":"MyVal0-3"} 
FINEST ::: paxos.network.NetworkNode sendMessage ::: Sending message "{"type":"NACK","value":"","number":31,"id":5}" to node 0 
FINEST ::: paxos.paxos.PaxosNode sendNack ::: Elapsed time = 0 
FINEST ::: paxos.paxos.PaxosNode receiveAcceptRequest ::: Elapsed time = 0 
FINEST ::: paxos.network.NetworkNode receiveMessage ::: Received message "{"type":"CHOSEN_VALUE","value":"MyVal0-6","number":6,"id":1}" from node 1 
FINEST ::: paxos.application.AbstractApp listenerLoop ::: Received string {"type":"CHOSEN_VALUE","value":"MyVal0-6","number":6,"id":1} from node 1 
FINEST ::: paxos.paxos.PaxosNode processMessage ::: Processing message {"type":"CHOSEN_VALUE","value":"MyVal0-6","number":6,"id":1} 
FINE ::: paxos.paxos.PaxosNode receiveChosenValue ::: Chosen value confirmed from node 1 for round 6 : MyVal0-6 
FINEST ::: paxos.paxos.PaxosNode receiveChosenValue ::: Elapsed time = 0 
FINEST ::: paxos.network.NetworkNode receiveMessage ::: Received message "{"type":"CHOSEN_VALUE","value":"MyVal0-3","number":3,"id":0}" from node 0 
FINEST ::: paxos.application.AbstractApp listenerLoop ::: Received string {"type":"CHOSEN_VALUE","value":"MyVal0-3","number":3,"id":0} from node 0 
FINEST ::: paxos.paxos.PaxosNode processMessage ::: Processing message {"type":"CHOSEN_VALUE","value":"MyVal0-3","number":3,"id":0} 
FINE ::: paxos.paxos.PaxosNode receiveChosenValue ::: Chosen value confirmed from node 0 for round 3 : MyVal0-3 
FINEST ::: paxos.paxos.PaxosNode receiveChosenValue ::: Elapsed time = 0 
FINEST ::: paxos.network.NetworkNode receiveMessage ::: Received message "{"type":"PREPARE_REQUEST","value":"7","number":41,"id":1}" from node 1 
FINEST ::: paxos.application.AbstractApp listenerLoop ::: Received string {"type":"PREPARE_REQUEST","value":"7","number":41,"id":1} from node 1 
FINEST ::: paxos.paxos.PaxosNode processMessage ::: Processing message {"type":"PREPARE_REQUEST","value":"7","number":41,"id":1} 
FINEST ::: paxos.paxos.PaxosNode receivePrepareRequest ::: Updared promiseNumber: writing state to file 
FINEST ::: paxos.network.NetworkNode sendMessage ::: Sending message "{"type":"PREPARE_RESPONSE","value":"","number":41,"id":5}" to node 1 
FINEST ::: paxos.paxos.PaxosNode sendPrepareResponse ::: Elapsed time = 0 
FINEST ::: paxos.paxos.PaxosNode receivePrepareRequest ::: Elapsed time = 1 
FINEST ::: paxos.network.NetworkNode receiveMessage ::: Received message "{"type":"PREPARE_REQUEST","value":"4","number":40,"id":0}" from node 0 
FINEST ::: paxos.application.AbstractApp listenerLoop ::: Received string {"type":"PREPARE_REQUEST","value":"4","number":40,"id":0} from node 0 
FINEST ::: paxos.paxos.PaxosNode processMessage ::: Processing message {"type":"PREPARE_REQUEST","value":"4","number":40,"id":0} 
FINEST ::: paxos.network.NetworkNode sendMessage ::: Sending message "{"type":"NACK","value":"","number":40,"id":5}" to node 0 
FINEST ::: paxos.paxos.PaxosNode sendNack ::: Elapsed time = 0 
FINEST ::: paxos.paxos.PaxosNode receivePrepareRequest ::: Elapsed time = 1 
FINEST ::: paxos.network.NetworkNode receiveMessage ::: Received message "{"type":"CHOSEN_VALUE","value":"MyVal0-7","number":7,"id":1}" from node 1 
FINEST ::: paxos.application.AbstractApp listenerLoop ::: Received string {"type":"CHOSEN_VALUE","value":"MyVal0-7","number":7,"id":1} from node 1 
FINEST ::: paxos.paxos.PaxosNode processMessage ::: Processing message {"type":"CHOSEN_VALUE","value":"MyVal0-7","number":7,"id":1} 
FINE ::: paxos.paxos.PaxosNode receiveChosenValue ::: Chosen value confirmed from node 1 for round 7 : MyVal0-7 
FINEST ::: paxos.paxos.PaxosNode receiveChosenValue ::: Elapsed time = 0 
FINEST ::: paxos.network.NetworkNode receiveMessage ::: Received message "{"type":"ACCEPT_REQUEST","value":"{\"number\":40,\"round\":4,\"value\":\"MyVal0-4\"}","number":40,"id":0}" from node 0 
FINEST ::: paxos.application.AbstractApp listenerLoop ::: Received string {"type":"ACCEPT_REQUEST","value":"{\"number\":40,\"round\":4,\"value\":\"MyVal0-4\"}","number":40,"id":0} from node 0 
FINEST ::: paxos.paxos.PaxosNode processMessage ::: Processing message {"type":"ACCEPT_REQUEST","value":"{\"number\":40,\"round\":4,\"value\":\"MyVal0-4\"}","number":40,"id":0} 
FINE ::: paxos.paxos.PaxosNode receiveAcceptRequest ::: Ignoring new proposal: {"number":40,"round":4,"value":"MyVal0-4"} 
FINEST ::: paxos.network.NetworkNode sendMessage ::: Sending message "{"type":"NACK","value":"","number":41,"id":5}" to node 0 
FINEST ::: paxos.paxos.PaxosNode sendNack ::: Elapsed time = 0 
FINEST ::: paxos.paxos.PaxosNode receiveAcceptRequest ::: Elapsed time = 1 
FINEST ::: paxos.network.NetworkNode receiveMessage ::: Received message "{"type":"PREPARE_REQUEST","value":"8","number":51,"id":1}" from node 1 
FINEST ::: paxos.application.AbstractApp listenerLoop ::: Received string {"type":"PREPARE_REQUEST","value":"8","number":51,"id":1} from node 1 
FINEST ::: paxos.paxos.PaxosNode processMessage ::: Processing message {"type":"PREPARE_REQUEST","value":"8","number":51,"id":1} 
FINEST ::: paxos.paxos.PaxosNode receivePrepareRequest ::: Updared promiseNumber: writing state to file 
FINEST ::: paxos.network.NetworkNode sendMessage ::: Sending message "{"type":"PREPARE_RESPONSE","value":"","number":51,"id":5}" to node 1 
FINEST ::: paxos.paxos.PaxosNode sendPrepareResponse ::: Elapsed time = 2 
FINEST ::: paxos.paxos.PaxosNode receivePrepareRequest ::: Elapsed time = 3 
FINEST ::: paxos.network.NetworkNode receiveMessage ::: Received message "{"type":"CHOSEN_VALUE","value":"MyVal0-4","number":4,"id":0}" from node 0 
FINEST ::: paxos.application.AbstractApp listenerLoop ::: Received string {"type":"CHOSEN_VALUE","value":"MyVal0-4","number":4,"id":0} from node 0 
FINEST ::: paxos.paxos.PaxosNode processMessage ::: Processing message {"type":"CHOSEN_VALUE","value":"MyVal0-4","number":4,"id":0} 
FINE ::: paxos.paxos.PaxosNode receiveChosenValue ::: Chosen value confirmed from node 0 for round 4 : MyVal0-4 
FINEST ::: paxos.paxos.PaxosNode receiveChosenValue ::: Elapsed time = 0 
FINEST ::: paxos.network.NetworkNode receiveMessage ::: Received message "{"type":"CHOSEN_VALUE","value":"MyVal0-8","number":8,"id":1}" from node 1 
FINEST ::: paxos.application.AbstractApp listenerLoop ::: Received string {"type":"CHOSEN_VALUE","value":"MyVal0-8","number":8,"id":1} from node 1 
FINEST ::: paxos.paxos.PaxosNode processMessage ::: Processing message {"type":"CHOSEN_VALUE","value":"MyVal0-8","number":8,"id":1} 
FINE ::: paxos.paxos.PaxosNode receiveChosenValue ::: Chosen value confirmed from node 1 for round 8 : MyVal0-8 
FINEST ::: paxos.paxos.PaxosNode receiveChosenValue ::: Elapsed time = 0 
FINEST ::: paxos.network.NetworkNode receiveMessage ::: Received message "{"type":"PREPARE_REQUEST","value":"5","number":50,"id":0}" from node 0 
FINEST ::: paxos.application.AbstractApp listenerLoop ::: Received string {"type":"PREPARE_REQUEST","value":"5","number":50,"id":0} from node 0 
FINEST ::: paxos.paxos.PaxosNode processMessage ::: Processing message {"type":"PREPARE_REQUEST","value":"5","number":50,"id":0} 
FINEST ::: paxos.network.NetworkNode sendMessage ::: Sending message "{"type":"NACK","value":"","number":50,"id":5}" to node 0 
FINEST ::: paxos.paxos.PaxosNode sendNack ::: Elapsed time = 1 
FINEST ::: paxos.paxos.PaxosNode receivePrepareRequest ::: Elapsed time = 1 
FINEST ::: paxos.network.NetworkNode receiveMessage ::: Received message "{"type":"ACCEPT_REQUEST","value":"{\"number\":50,\"round\":5,\"value\":\"MyVal0-5\"}","number":50,"id":0}" from node 0 
FINEST ::: paxos.network.NetworkNode receiveMessage ::: Received message "{"type":"PREPARE_REQUEST","value":"9","number":61,"id":1}" from node 1 
FINEST ::: paxos.application.AbstractApp listenerLoop ::: Received string {"type":"PREPARE_REQUEST","value":"9","number":61,"id":1} from node 1 
FINEST ::: paxos.paxos.PaxosNode processMessage ::: Processing message {"type":"PREPARE_REQUEST","value":"9","number":61,"id":1} 
FINEST ::: paxos.paxos.PaxosNode receivePrepareRequest ::: Updared promiseNumber: writing state to file 
FINEST ::: paxos.network.NetworkNode sendMessage ::: Sending message "{"type":"PREPARE_RESPONSE","value":"","number":61,"id":5}" to node 1 
FINEST ::: paxos.paxos.PaxosNode sendPrepareResponse ::: Elapsed time = 0 
FINEST ::: paxos.paxos.PaxosNode receivePrepareRequest ::: Elapsed time = 1 
FINEST ::: paxos.application.AbstractApp listenerLoop ::: Received string {"type":"ACCEPT_REQUEST","value":"{\"number\":50,\"round\":5,\"value\":\"MyVal0-5\"}","number":50,"id":0} from node 0 
FINEST ::: paxos.paxos.PaxosNode processMessage ::: Processing message {"type":"ACCEPT_REQUEST","value":"{\"number\":50,\"round\":5,\"value\":\"MyVal0-5\"}","number":50,"id":0} 
FINE ::: paxos.paxos.PaxosNode receiveAcceptRequest ::: Ignoring new proposal: {"number":50,"round":5,"value":"MyVal0-5"} 
FINEST ::: paxos.network.NetworkNode sendMessage ::: Sending message "{"type":"NACK","value":"","number":61,"id":5}" to node 0 
FINEST ::: paxos.paxos.PaxosNode sendNack ::: Elapsed time = 0 
FINEST ::: paxos.paxos.PaxosNode receiveAcceptRequest ::: Elapsed time = 0 
FINEST ::: paxos.network.NetworkNode receiveMessage ::: Received message "{"type":"CHOSEN_VALUE","value":"MyVal0-9","number":10,"id":2}" from node 2 
FINEST ::: paxos.application.AbstractApp listenerLoop ::: Received string {"type":"CHOSEN_VALUE","value":"MyVal0-9","number":10,"id":2} from node 2 
FINEST ::: paxos.paxos.PaxosNode processMessage ::: Processing message {"type":"CHOSEN_VALUE","value":"MyVal0-9","number":10,"id":2} 
INFO ::: paxos.paxos.PaxosNode receiveChosenValue ::: Received new chosen value from node 2 for round 10 : MyVal0-9 
FINEST ::: paxos.paxos.PaxosNode receiveChosenValue ::: Elapsed time = 0 
FINEST ::: paxos.network.NetworkNode receiveMessage ::: Received message "{"type":"CHOSEN_VALUE","value":"MyVal0-9","number":9,"id":1}" from node 1 
FINEST ::: paxos.application.AbstractApp listenerLoop ::: Received string {"type":"CHOSEN_VALUE","value":"MyVal0-9","number":9,"id":1} from node 1 
FINEST ::: paxos.paxos.PaxosNode processMessage ::: Processing message {"type":"CHOSEN_VALUE","value":"MyVal0-9","number":9,"id":1} 
FINE ::: paxos.paxos.PaxosNode receiveChosenValue ::: Chosen value confirmed from node 1 for round 9 : MyVal0-9 
FINEST ::: paxos.paxos.PaxosNode receiveChosenValue ::: Elapsed time = 0 
FINEST ::: paxos.network.NetworkNode receiveMessage ::: Received message "{"type":"CHOSEN_VALUE","value":"MyVal0-5","number":5,"id":0}" from node 0 
FINEST ::: paxos.application.AbstractApp listenerLoop ::: Received string {"type":"CHOSEN_VALUE","value":"MyVal0-5","number":5,"id":0} from node 0 
FINEST ::: paxos.paxos.PaxosNode processMessage ::: Processing message {"type":"CHOSEN_VALUE","value":"MyVal0-5","number":5,"id":0} 
FINE ::: paxos.paxos.PaxosNode receiveChosenValue ::: Chosen value confirmed from node 0 for round 5 : MyVal0-5 
FINEST ::: paxos.paxos.PaxosNode receiveChosenValue ::: Elapsed time = 0 
FINEST ::: paxos.network.NetworkNode receiveMessage ::: Received message "{"type":"PREPARE_REQUEST","value":"10","number":71,"id":1}" from node 1 
FINEST ::: paxos.application.AbstractApp listenerLoop ::: Received string {"type":"PREPARE_REQUEST","value":"10","number":71,"id":1} from node 1 
FINEST ::: paxos.paxos.PaxosNode processMessage ::: Processing message {"type":"PREPARE_REQUEST","value":"10","number":71,"id":1} 
FINEST ::: paxos.paxos.PaxosNode receivePrepareRequest ::: Updared promiseNumber: writing state to file 
FINEST ::: paxos.network.NetworkNode sendMessage ::: Sending message "{"type":"PREPARE_RESPONSE","value":"","number":71,"id":5}" to node 1 
FINEST ::: paxos.paxos.PaxosNode sendPrepareResponse ::: Elapsed time = 0 
FINEST ::: paxos.paxos.PaxosNode receivePrepareRequest ::: Elapsed time = 0 
FINEST ::: paxos.network.NetworkNode receiveMessage ::: Received message "{"type":"PREPARE_REQUEST","value":"6","number":60,"id":0}" from node 0 
FINEST ::: paxos.application.AbstractApp listenerLoop ::: Received string {"type":"PREPARE_REQUEST","value":"6","number":60,"id":0} from node 0 
FINEST ::: paxos.paxos.PaxosNode processMessage ::: Processing message {"type":"PREPARE_REQUEST","value":"6","number":60,"id":0} 
FINEST ::: paxos.network.NetworkNode sendMessage ::: Sending message "{"type":"NACK","value":"","number":60,"id":5}" to node 0 
FINEST ::: paxos.paxos.PaxosNode sendNack ::: Elapsed time = 1 
FINEST ::: paxos.paxos.PaxosNode receivePrepareRequest ::: Elapsed time = 1 
FINEST ::: paxos.network.NetworkNode receiveMessage ::: Received message "{"type":"PREPARE_REQUEST","value":"10","number":81,"id":1}" from node 1 
FINEST ::: paxos.application.AbstractApp listenerLoop ::: Received string {"type":"PREPARE_REQUEST","value":"10","number":81,"id":1} from node 1 
FINEST ::: paxos.paxos.PaxosNode processMessage ::: Processing message {"type":"PREPARE_REQUEST","value":"10","number":81,"id":1} 
FINEST ::: paxos.paxos.PaxosNode receivePrepareRequest ::: Updared promiseNumber: writing state to file 
FINEST ::: paxos.network.NetworkNode sendMessage ::: Sending message "{"type":"PREPARE_RESPONSE","value":"","number":81,"id":5}" to node 1 
FINEST ::: paxos.paxos.PaxosNode sendPrepareResponse ::: Elapsed time = 0 
FINEST ::: paxos.paxos.PaxosNode receivePrepareRequest ::: Elapsed time = 1 
FINEST ::: paxos.network.NetworkNode receiveMessage ::: Received message "{"type":"ACCEPT_REQUEST","value":"{\"number\":60,\"round\":6,\"value\":\"MyVal0-6\"}","number":60,"id":0}" from node 0 
FINEST ::: paxos.application.AbstractApp listenerLoop ::: Received string {"type":"ACCEPT_REQUEST","value":"{\"number\":60,\"round\":6,\"value\":\"MyVal0-6\"}","number":60,"id":0} from node 0 
FINEST ::: paxos.paxos.PaxosNode processMessage ::: Processing message {"type":"ACCEPT_REQUEST","value":"{\"number\":60,\"round\":6,\"value\":\"MyVal0-6\"}","number":60,"id":0} 
FINE ::: paxos.paxos.PaxosNode receiveAcceptRequest ::: Ignoring new proposal: {"number":60,"round":6,"value":"MyVal0-6"} 
FINEST ::: paxos.network.NetworkNode sendMessage ::: Sending message "{"type":"NACK","value":"","number":81,"id":5}" to node 0 
FINEST ::: paxos.paxos.PaxosNode sendNack ::: Elapsed time = 0 
FINEST ::: paxos.paxos.PaxosNode receiveAcceptRequest ::: Elapsed time = 0 
FINEST ::: paxos.network.NetworkNode receiveMessage ::: Received message "{"type":"CHOSEN_VALUE","value":"MyVal0-9","number":10,"id":1}" from node 1 
FINEST ::: paxos.application.AbstractApp listenerLoop ::: Received string {"type":"CHOSEN_VALUE","value":"MyVal0-9","number":10,"id":1} from node 1 
FINEST ::: paxos.paxos.PaxosNode processMessage ::: Processing message {"type":"CHOSEN_VALUE","value":"MyVal0-9","number":10,"id":1} 
FINE ::: paxos.paxos.PaxosNode receiveChosenValue ::: Chosen value confirmed from node 1 for round 10 : MyVal0-9 
FINEST ::: paxos.paxos.PaxosNode receiveChosenValue ::: Elapsed time = 0 
FINEST ::: paxos.network.NetworkNode receiveMessage ::: Received message "{"type":"CHOSEN_VALUE","value":"MyVal0-6","number":6,"id":0}" from node 0 
FINEST ::: paxos.application.AbstractApp listenerLoop ::: Received string {"type":"CHOSEN_VALUE","value":"MyVal0-6","number":6,"id":0} from node 0 
FINEST ::: paxos.paxos.PaxosNode processMessage ::: Processing message {"type":"CHOSEN_VALUE","value":"MyVal0-6","number":6,"id":0} 
FINE ::: paxos.paxos.PaxosNode receiveChosenValue ::: Chosen value confirmed from node 0 for round 6 : MyVal0-6 
FINEST ::: paxos.paxos.PaxosNode receiveChosenValue ::: Elapsed time = 0 
FINEST ::: paxos.network.NetworkNode receiveMessage ::: Received message "{"type":"PREPARE_REQUEST","value":"11","number":91,"id":1}" from node 1 
FINEST ::: paxos.application.AbstractApp listenerLoop ::: Received string {"type":"PREPARE_REQUEST","value":"11","number":91,"id":1} from node 1 
FINEST ::: paxos.paxos.PaxosNode processMessage ::: Processing message {"type":"PREPARE_REQUEST","value":"11","number":91,"id":1} 
FINEST ::: paxos.paxos.PaxosNode receivePrepareRequest ::: Updared promiseNumber: writing state to file 
FINEST ::: paxos.network.NetworkNode sendMessage ::: Sending message "{"type":"PREPARE_RESPONSE","value":"","number":91,"id":5}" to node 1 
FINEST ::: paxos.paxos.PaxosNode sendPrepareResponse ::: Elapsed time = 0 
FINEST ::: paxos.paxos.PaxosNode receivePrepareRequest ::: Elapsed time = 1 
FINEST ::: paxos.network.NetworkNode receiveMessage ::: Received message "{"type":"PREPARE_REQUEST","value":"7","number":70,"id":0}" from node 0 
FINEST ::: paxos.application.AbstractApp listenerLoop ::: Received string {"type":"PREPARE_REQUEST","value":"7","number":70,"id":0} from node 0 
FINEST ::: paxos.paxos.PaxosNode processMessage ::: Processing message {"type":"PREPARE_REQUEST","value":"7","number":70,"id":0} 
FINEST ::: paxos.network.NetworkNode sendMessage ::: Sending message "{"type":"NACK","value":"","number":70,"id":5}" to node 0 
FINEST ::: paxos.paxos.PaxosNode sendNack ::: Elapsed time = 0 
FINEST ::: paxos.paxos.PaxosNode receivePrepareRequest ::: Elapsed time = 0 
FINEST ::: paxos.network.NetworkNode receiveMessage ::: Received message "{"type":"ACCEPT_REQUEST","value":"{\"number\":70,\"round\":7,\"value\":\"MyVal0-7\"}","number":70,"id":0}" from node 0 
FINEST ::: paxos.application.AbstractApp listenerLoop ::: Received string {"type":"ACCEPT_REQUEST","value":"{\"number\":70,\"round\":7,\"value\":\"MyVal0-7\"}","number":70,"id":0} from node 0 
FINEST ::: paxos.paxos.PaxosNode processMessage ::: Processing message {"type":"ACCEPT_REQUEST","value":"{\"number\":70,\"round\":7,\"value\":\"MyVal0-7\"}","number":70,"id":0} 
FINE ::: paxos.paxos.PaxosNode receiveAcceptRequest ::: Ignoring new proposal: {"number":70,"round":7,"value":"MyVal0-7"} 
FINEST ::: paxos.network.NetworkNode sendMessage ::: Sending message "{"type":"NACK","value":"","number":91,"id":5}" to node 0 
FINEST ::: paxos.paxos.PaxosNode sendNack ::: Elapsed time = 0 
FINEST ::: paxos.paxos.PaxosNode receiveAcceptRequest ::: Elapsed time = 0 
FINEST ::: paxos.network.NetworkNode receiveMessage ::: Received message "{"type":"CHOSEN_VALUE","value":"MyVal0-9","number":11,"id":2}" from node 2 
FINEST ::: paxos.application.AbstractApp listenerLoop ::: Received string {"type":"CHOSEN_VALUE","value":"MyVal0-9","number":11,"id":2} from node 2 
FINEST ::: paxos.paxos.PaxosNode processMessage ::: Processing message {"type":"CHOSEN_VALUE","value":"MyVal0-9","number":11,"id":2} 
INFO ::: paxos.paxos.PaxosNode receiveChosenValue ::: Received new chosen value from node 2 for round 11 : MyVal0-9 
FINEST ::: paxos.paxos.PaxosNode receiveChosenValue ::: Elapsed time = 2 
FINEST ::: paxos.network.NetworkNode receiveMessage ::: Received message "{"type":"CHOSEN_VALUE","value":"MyVal0-9","number":11,"id":1}" from node 1 
FINEST ::: paxos.application.AbstractApp listenerLoop ::: Received string {"type":"CHOSEN_VALUE","value":"MyVal0-9","number":11,"id":1} from node 1 
FINEST ::: paxos.paxos.PaxosNode processMessage ::: Processing message {"type":"CHOSEN_VALUE","value":"MyVal0-9","number":11,"id":1} 
FINE ::: paxos.paxos.PaxosNode receiveChosenValue ::: Chosen value confirmed from node 1 for round 11 : MyVal0-9 
FINEST ::: paxos.paxos.PaxosNode receiveChosenValue ::: Elapsed time = 0 
FINEST ::: paxos.network.NetworkNode receiveMessage ::: Received message "{"type":"CHOSEN_VALUE","value":"MyVal0-7","number":7,"id":0}" from node 0 
FINEST ::: paxos.application.AbstractApp listenerLoop ::: Received string {"type":"CHOSEN_VALUE","value":"MyVal0-7","number":7,"id":0} from node 0 
FINEST ::: paxos.paxos.PaxosNode processMessage ::: Processing message {"type":"CHOSEN_VALUE","value":"MyVal0-7","number":7,"id":0} 
FINE ::: paxos.paxos.PaxosNode receiveChosenValue ::: Chosen value confirmed from node 0 for round 7 : MyVal0-7 
FINEST ::: paxos.paxos.PaxosNode receiveChosenValue ::: Elapsed time = 0 
FINEST ::: paxos.network.NetworkNode receiveMessage ::: Received message "{"type":"PREPARE_REQUEST","value":"8","number":80,"id":0}" from node 0 
FINEST ::: paxos.application.AbstractApp listenerLoop ::: Received string {"type":"PREPARE_REQUEST","value":"8","number":80,"id":0} from node 0 
FINEST ::: paxos.paxos.PaxosNode processMessage ::: Processing message {"type":"PREPARE_REQUEST","value":"8","number":80,"id":0} 
FINEST ::: paxos.network.NetworkNode sendMessage ::: Sending message "{"type":"NACK","value":"","number":80,"id":5}" to node 0 
FINEST ::: paxos.paxos.PaxosNode sendNack ::: Elapsed time = 1 
FINEST ::: paxos.paxos.PaxosNode receivePrepareRequest ::: Elapsed time = 1 
FINEST ::: paxos.network.NetworkNode receiveMessage ::: Received message "{"type":"PREPARE_REQUEST","value":"12","number":101,"id":1}" from node 1 
FINEST ::: paxos.application.AbstractApp listenerLoop ::: Received string {"type":"PREPARE_REQUEST","value":"12","number":101,"id":1} from node 1 
FINEST ::: paxos.paxos.PaxosNode processMessage ::: Processing message {"type":"PREPARE_REQUEST","value":"12","number":101,"id":1} 
FINEST ::: paxos.paxos.PaxosNode receivePrepareRequest ::: Updared promiseNumber: writing state to file 
FINEST ::: paxos.network.NetworkNode sendMessage ::: Sending message "{"type":"PREPARE_RESPONSE","value":"","number":101,"id":5}" to node 1 
FINEST ::: paxos.paxos.PaxosNode sendPrepareResponse ::: Elapsed time = 1 
FINEST ::: paxos.paxos.PaxosNode receivePrepareRequest ::: Elapsed time = 1 
FINEST ::: paxos.network.NetworkNode receiveMessage ::: Received message "{"type":"ACCEPT_REQUEST","value":"{\"number\":80,\"round\":8,\"value\":\"MyVal0-8\"}","number":80,"id":0}" from node 0 
FINEST ::: paxos.application.AbstractApp listenerLoop ::: Received string {"type":"ACCEPT_REQUEST","value":"{\"number\":80,\"round\":8,\"value\":\"MyVal0-8\"}","number":80,"id":0} from node 0 
FINEST ::: paxos.paxos.PaxosNode processMessage ::: Processing message {"type":"ACCEPT_REQUEST","value":"{\"number\":80,\"round\":8,\"value\":\"MyVal0-8\"}","number":80,"id":0} 
FINE ::: paxos.paxos.PaxosNode receiveAcceptRequest ::: Ignoring new proposal: {"number":80,"round":8,"value":"MyVal0-8"} 
FINEST ::: paxos.network.NetworkNode sendMessage ::: Sending message "{"type":"NACK","value":"","number":101,"id":5}" to node 0 
FINEST ::: paxos.paxos.PaxosNode sendNack ::: Elapsed time = 0 
FINEST ::: paxos.paxos.PaxosNode receiveAcceptRequest ::: Elapsed time = 0 
FINEST ::: paxos.network.NetworkNode receiveMessage ::: Received message "{"type":"CHOSEN_VALUE","value":"MyVal0-8","number":8,"id":0}" from node 0 
FINEST ::: paxos.application.AbstractApp listenerLoop ::: Received string {"type":"CHOSEN_VALUE","value":"MyVal0-8","number":8,"id":0} from node 0 
FINEST ::: paxos.paxos.PaxosNode processMessage ::: Processing message {"type":"CHOSEN_VALUE","value":"MyVal0-8","number":8,"id":0} 
FINE ::: paxos.paxos.PaxosNode receiveChosenValue ::: Chosen value confirmed from node 0 for round 8 : MyVal0-8 
FINEST ::: paxos.paxos.PaxosNode receiveChosenValue ::: Elapsed time = 1 
FINEST ::: paxos.network.NetworkNode receiveMessage ::: Received message "{"type":"PREPARE_REQUEST","value":"9","number":90,"id":0}" from node 0 
FINEST ::: paxos.application.AbstractApp listenerLoop ::: Received string {"type":"PREPARE_REQUEST","value":"9","number":90,"id":0} from node 0 
FINEST ::: paxos.paxos.PaxosNode processMessage ::: Processing message {"type":"PREPARE_REQUEST","value":"9","number":90,"id":0} 
FINEST ::: paxos.network.NetworkNode sendMessage ::: Sending message "{"type":"NACK","value":"","number":90,"id":5}" to node 0 
FINEST ::: paxos.paxos.PaxosNode sendNack ::: Elapsed time = 0 
FINEST ::: paxos.paxos.PaxosNode receivePrepareRequest ::: Elapsed time = 1 
FINEST ::: paxos.network.NetworkNode receiveMessage ::: Received message "{"type":"ACCEPT_REQUEST","value":"{\"number\":90,\"round\":9,\"value\":\"MyVal0-9\"}","number":90,"id":0}" from node 0 
FINEST ::: paxos.application.AbstractApp listenerLoop ::: Received string {"type":"ACCEPT_REQUEST","value":"{\"number\":90,\"round\":9,\"value\":\"MyVal0-9\"}","number":90,"id":0} from node 0 
FINEST ::: paxos.paxos.PaxosNode processMessage ::: Processing message {"type":"ACCEPT_REQUEST","value":"{\"number\":90,\"round\":9,\"value\":\"MyVal0-9\"}","number":90,"id":0} 
FINE ::: paxos.paxos.PaxosNode receiveAcceptRequest ::: Ignoring new proposal: {"number":90,"round":9,"value":"MyVal0-9"} 
FINEST ::: paxos.network.NetworkNode sendMessage ::: Sending message "{"type":"NACK","value":"","number":101,"id":5}" to node 0 
FINEST ::: paxos.paxos.PaxosNode sendNack ::: Elapsed time = 1 
FINEST ::: paxos.paxos.PaxosNode receiveAcceptRequest ::: Elapsed time = 1 
FINEST ::: paxos.network.NetworkNode receiveMessage ::: Received message "{"type":"CHOSEN_VALUE","value":"MyVal0-9","number":12,"id":2}" from node 2 
FINEST ::: paxos.application.AbstractApp listenerLoop ::: Received string {"type":"CHOSEN_VALUE","value":"MyVal0-9","number":12,"id":2} from node 2 
FINEST ::: paxos.paxos.PaxosNode processMessage ::: Processing message {"type":"CHOSEN_VALUE","value":"MyVal0-9","number":12,"id":2} 
INFO ::: paxos.paxos.PaxosNode receiveChosenValue ::: Received new chosen value from node 2 for round 12 : MyVal0-9 
FINEST ::: paxos.paxos.PaxosNode receiveChosenValue ::: Elapsed time = 0 
FINEST ::: paxos.network.NetworkNode receiveMessage ::: Received message "{"type":"CHOSEN_VALUE","value":"MyVal0-9","number":12,"id":1}" from node 1 
FINEST ::: paxos.application.AbstractApp listenerLoop ::: Received string {"type":"CHOSEN_VALUE","value":"MyVal0-9","number":12,"id":1} from node 1 
FINEST ::: paxos.paxos.PaxosNode processMessage ::: Processing message {"type":"CHOSEN_VALUE","value":"MyVal0-9","number":12,"id":1} 
FINE ::: paxos.paxos.PaxosNode receiveChosenValue ::: Chosen value confirmed from node 1 for round 12 : MyVal0-9 
FINEST ::: paxos.paxos.PaxosNode receiveChosenValue ::: Elapsed time = 0 
FINEST ::: paxos.network.NetworkNode receiveMessage ::: Received message "{"type":"CHOSEN_VALUE","value":"MyVal0-9","number":9,"id":0}" from node 0 
FINEST ::: paxos.application.AbstractApp listenerLoop ::: Received string {"type":"CHOSEN_VALUE","value":"MyVal0-9","number":9,"id":0} from node 0 
FINEST ::: paxos.paxos.PaxosNode processMessage ::: Processing message {"type":"CHOSEN_VALUE","value":"MyVal0-9","number":9,"id":0} 
FINE ::: paxos.paxos.PaxosNode receiveChosenValue ::: Chosen value confirmed from node 0 for round 9 : MyVal0-9 
FINEST ::: paxos.paxos.PaxosNode receiveChosenValue ::: Elapsed time = 0 
FINEST ::: paxos.network.NetworkNode receiveMessage ::: Received message "{"type":"PREPARE_REQUEST","value":"10","number":100,"id":0}" from node 0 
FINEST ::: paxos.application.AbstractApp listenerLoop ::: Received string {"type":"PREPARE_REQUEST","value":"10","number":100,"id":0} from node 0 
FINEST ::: paxos.paxos.PaxosNode processMessage ::: Processing message {"type":"PREPARE_REQUEST","value":"10","number":100,"id":0} 
FINEST ::: paxos.network.NetworkNode sendMessage ::: Sending message "{"type":"NACK","value":"","number":100,"id":5}" to node 0 
FINEST ::: paxos.paxos.PaxosNode sendNack ::: Elapsed time = 1 
FINEST ::: paxos.paxos.PaxosNode receivePrepareRequest ::: Elapsed time = 1 
FINEST ::: paxos.network.NetworkNode receiveMessage ::: Received message "{"type":"ACCEPT_REQUEST","value":"{\"number\":100,\"round\":10,\"value\":\"MyVal0-9\"}","number":100,"id":0}" from node 0 
FINEST ::: paxos.application.AbstractApp listenerLoop ::: Received string {"type":"ACCEPT_REQUEST","value":"{\"number\":100,\"round\":10,\"value\":\"MyVal0-9\"}","number":100,"id":0} from node 0 
FINEST ::: paxos.paxos.PaxosNode processMessage ::: Processing message {"type":"ACCEPT_REQUEST","value":"{\"number\":100,\"round\":10,\"value\":\"MyVal0-9\"}","number":100,"id":0} 
FINE ::: paxos.paxos.PaxosNode receiveAcceptRequest ::: Ignoring new proposal: {"number":100,"round":10,"value":"MyVal0-9"} 
FINEST ::: paxos.network.NetworkNode sendMessage ::: Sending message "{"type":"NACK","value":"","number":101,"id":5}" to node 0 
FINEST ::: paxos.paxos.PaxosNode sendNack ::: Elapsed time = 0 
FINEST ::: paxos.paxos.PaxosNode receiveAcceptRequest ::: Elapsed time = 1 
FINEST ::: paxos.network.NetworkNode receiveMessage ::: Received message "{"type":"CHOSEN_VALUE","value":"MyVal0-9","number":10,"id":0}" from node 0 
FINEST ::: paxos.application.AbstractApp listenerLoop ::: Received string {"type":"CHOSEN_VALUE","value":"MyVal0-9","number":10,"id":0} from node 0 
FINEST ::: paxos.paxos.PaxosNode processMessage ::: Processing message {"type":"CHOSEN_VALUE","value":"MyVal0-9","number":10,"id":0} 
FINE ::: paxos.paxos.PaxosNode receiveChosenValue ::: Chosen value confirmed from node 0 for round 10 : MyVal0-9 
FINEST ::: paxos.paxos.PaxosNode receiveChosenValue ::: Elapsed time = 1 
FINEST ::: paxos.network.NetworkNode receiveMessage ::: Received message "{"type":"PREPARE_REQUEST","value":"11","number":110,"id":0}" from node 0 
FINEST ::: paxos.application.AbstractApp listenerLoop ::: Received string {"type":"PREPARE_REQUEST","value":"11","number":110,"id":0} from node 0 
FINEST ::: paxos.paxos.PaxosNode processMessage ::: Processing message {"type":"PREPARE_REQUEST","value":"11","number":110,"id":0} 
FINEST ::: paxos.paxos.PaxosNode receivePrepareRequest ::: Updared promiseNumber: writing state to file 
FINEST ::: paxos.network.NetworkNode sendMessage ::: Sending message "{"type":"PREPARE_RESPONSE","value":"","number":110,"id":5}" to node 0 
FINEST ::: paxos.paxos.PaxosNode sendPrepareResponse ::: Elapsed time = 0 
FINEST ::: paxos.paxos.PaxosNode receivePrepareRequest ::: Elapsed time = 1 
FINEST ::: paxos.network.NetworkNode receiveMessage ::: Received message "{"type":"ACCEPT_REQUEST","value":"{\"number\":110,\"round\":11,\"value\":\"MyVal0-9\"}","number":110,"id":0}" from node 0 
FINEST ::: paxos.application.AbstractApp listenerLoop ::: Received string {"type":"ACCEPT_REQUEST","value":"{\"number\":110,\"round\":11,\"value\":\"MyVal0-9\"}","number":110,"id":0} from node 0 
FINEST ::: paxos.paxos.PaxosNode processMessage ::: Processing message {"type":"ACCEPT_REQUEST","value":"{\"number\":110,\"round\":11,\"value\":\"MyVal0-9\"}","number":110,"id":0} 
FINE ::: paxos.paxos.PaxosNode receiveAcceptRequest ::: Accepted new proposal from node 0: {"number":110,"round":11,"value":"MyVal0-9"} 
FINEST ::: paxos.paxos.PaxosNode receiveAcceptRequest ::: Updated acceptedProposal: writing state to file 
FINE ::: paxos.paxos.PaxosNode sendAcceptNotification ::: Preparing to send out {"type":"ACCEPT_NOTIFICATION","value":"{\"number\":110,\"round\":11,\"value\":\"MyVal0-9\"}","number":110,"id":5} to DLs 
FINEST ::: paxos.network.NetworkNode sendMessage ::: Sending message "{"type":"ACCEPT_NOTIFICATION","value":"{\"number\":110,\"round\":11,\"value\":\"MyVal0-9\"}","number":110,"id":5}" to node 0 
FINEST ::: paxos.network.NetworkNode sendMessage ::: Sending message "{"type":"ACCEPT_NOTIFICATION","value":"{\"number\":110,\"round\":11,\"value\":\"MyVal0-9\"}","number":110,"id":5}" to node 1 
FINEST ::: paxos.network.NetworkNode sendMessage ::: Sending message "{"type":"ACCEPT_NOTIFICATION","value":"{\"number\":110,\"round\":11,\"value\":\"MyVal0-9\"}","number":110,"id":5}" to node 2 
FINEST ::: paxos.paxos.PaxosNode sendAcceptNotification ::: Elapsed time = 10 
FINEST ::: paxos.paxos.PaxosNode receiveAcceptRequest ::: Elapsed time = 11 
FINEST ::: paxos.network.NetworkNode receiveMessage ::: Received message "{"type":"CHOSEN_VALUE","value":"MyVal0-9","number":11,"id":0}" from node 0 
FINEST ::: paxos.application.AbstractApp listenerLoop ::: Received string {"type":"CHOSEN_VALUE","value":"MyVal0-9","number":11,"id":0} from node 0 
FINEST ::: paxos.paxos.PaxosNode processMessage ::: Processing message {"type":"CHOSEN_VALUE","value":"MyVal0-9","number":11,"id":0} 
FINE ::: paxos.paxos.PaxosNode receiveChosenValue ::: Chosen value confirmed from node 0 for round 11 : MyVal0-9 
FINEST ::: paxos.paxos.PaxosNode receiveChosenValue ::: Elapsed time = 0 
FINEST ::: paxos.network.NetworkNode receiveMessage ::: Received message "{"type":"PREPARE_REQUEST","value":"12","number":120,"id":0}" from node 0 
FINEST ::: paxos.application.AbstractApp listenerLoop ::: Received string {"type":"PREPARE_REQUEST","value":"12","number":120,"id":0} from node 0 
FINEST ::: paxos.paxos.PaxosNode processMessage ::: Processing message {"type":"PREPARE_REQUEST","value":"12","number":120,"id":0} 
FINEST ::: paxos.paxos.PaxosNode receivePrepareRequest ::: Updared promiseNumber: writing state to file 
FINEST ::: paxos.network.NetworkNode sendMessage ::: Sending message "{"type":"PREPARE_RESPONSE","value":"{\"number\":110,\"round\":11,\"value\":\"MyVal0-9\"}","number":120,"id":5}" to node 0 
FINEST ::: paxos.paxos.PaxosNode sendPrepareResponse ::: Elapsed time = 1 
FINEST ::: paxos.paxos.PaxosNode receivePrepareRequest ::: Elapsed time = 1 
FINEST ::: paxos.network.NetworkNode receiveMessage ::: Received message "{"type":"ACCEPT_REQUEST","value":"{\"number\":120,\"round\":12,\"value\":\"MyVal0-9\"}","number":120,"id":0}" from node 0 
FINEST ::: paxos.application.AbstractApp listenerLoop ::: Received string {"type":"ACCEPT_REQUEST","value":"{\"number\":120,\"round\":12,\"value\":\"MyVal0-9\"}","number":120,"id":0} from node 0 
FINEST ::: paxos.paxos.PaxosNode processMessage ::: Processing message {"type":"ACCEPT_REQUEST","value":"{\"number\":120,\"round\":12,\"value\":\"MyVal0-9\"}","number":120,"id":0} 
FINE ::: paxos.paxos.PaxosNode receiveAcceptRequest ::: Accepted new proposal from node 0: {"number":120,"round":12,"value":"MyVal0-9"} 
FINEST ::: paxos.paxos.PaxosNode receiveAcceptRequest ::: Updated acceptedProposal: writing state to file 
FINE ::: paxos.paxos.PaxosNode sendAcceptNotification ::: Preparing to send out {"type":"ACCEPT_NOTIFICATION","value":"{\"number\":120,\"round\":12,\"value\":\"MyVal0-9\"}","number":120,"id":5} to DLs 
FINEST ::: paxos.network.NetworkNode sendMessage ::: Sending message "{"type":"ACCEPT_NOTIFICATION","value":"{\"number\":120,\"round\":12,\"value\":\"MyVal0-9\"}","number":120,"id":5}" to node 0 
FINEST ::: paxos.network.NetworkNode sendMessage ::: Sending message "{"type":"ACCEPT_NOTIFICATION","value":"{\"number\":120,\"round\":12,\"value\":\"MyVal0-9\"}","number":120,"id":5}" to node 1 
FINEST ::: paxos.network.NetworkNode sendMessage ::: Sending message "{"type":"ACCEPT_NOTIFICATION","value":"{\"number\":120,\"round\":12,\"value\":\"MyVal0-9\"}","number":120,"id":5}" to node 2 
FINEST ::: paxos.paxos.PaxosNode sendAcceptNotification ::: Elapsed time = 1 
FINEST ::: paxos.paxos.PaxosNode receiveAcceptRequest ::: Elapsed time = 1 
FINEST ::: paxos.network.NetworkNode receiveMessage ::: Received message "{"type":"CHOSEN_VALUE","value":"MyVal0-9","number":12,"id":0}" from node 0 
FINEST ::: paxos.application.AbstractApp listenerLoop ::: Received string {"type":"CHOSEN_VALUE","value":"MyVal0-9","number":12,"id":0} from node 0 
FINEST ::: paxos.paxos.PaxosNode processMessage ::: Processing message {"type":"CHOSEN_VALUE","value":"MyVal0-9","number":12,"id":0} 
FINE ::: paxos.paxos.PaxosNode receiveChosenValue ::: Chosen value confirmed from node 0 for round 12 : MyVal0-9 
FINEST ::: paxos.paxos.PaxosNode receiveChosenValue ::: Elapsed time = 0 
